<?xml version="1.0" encoding="UTF-8"?>
<testsuite name="PrimerTestLogin" tests="1" skipped="0" failures="0" errors="0" timestamp="2020-10-02T18:59:24" hostname="SQABOG-TGP3695" time="21.493">
  <properties/>
  <testcase name="navigateToContactPage" classname="PrimerTestLogin" time="21.493"/>
  <system-out><![CDATA[]]></system-out>
  <system-err><![CDATA[SLF4J: Failed to load class "org.slf4j.impl.StaticLoggerBinder".
SLF4J: Defaulting to no-operation (NOP) logger implementation
SLF4J: See http://www.slf4j.org/codes.html#StaticLoggerBinder for further details.
Starting ChromeDriver 85.0.4183.87 (cd6713ebf92fa1cacc0f1a598df280093af0c5d7-refs/branch-heads/4183@{#1689}) on port 39903
Only local connections are allowed.
Please see https://chromedriver.chromium.org/security-considerations for suggestions on keeping ChromeDriver safe.
ChromeDriver was started successfully.
oct 02, 2020 1:59:32 PM org.openqa.selenium.remote.ProtocolHandshake createSession
INFORMACIÓN: Detected dialect: W3C
]]></system-err>
</testsuite>
